# JRE version: OpenJDK Runtime Environment Temurin-21.0.2+13 (21.0.2+13) (build 21.0.2+13-LTS)
# Java VM: OpenJDK 64-Bit Server VM Temurin-21.0.2+13 (21.0.2+13-LTS, mixed mode, sharing, tiered, compressed oops, compressed class ptrs, g1 gc, windows-amd64)
GC Precious Log:
 CardTable entry size: 512
 Card Set container configuration: InlinePtr #cards 5 size 8 Array Of Cards #cards 12 size 40 Howl #buckets 4 coarsen threshold 1843 Howl Bitmap #cards 512 size 80 coarsen threshold 460 Card regions per heap region 1 cards per card region 2048
 CPUs: 8 total, 8 available
 Memory: 7739M
 Large Page Support: Disabled
 NUMA Support: Disabled
 Compressed Oops: Enabled (32-bit)
 Heap Region Size: 1M
 Heap Min Capacity: 8M
 Heap Initial Capacity: 122M
 Heap Max Capacity: 1936M
 Pre-touch: Disabled
 Parallel Workers: 8
 Concurrent Workers: 2
 Concurrent Refinement Workers: 8
 Periodic GC: Disabled
Heap:
 garbage-first heap   total 200704K, used 186090K [0x0000000087000000, 0x0000000100000000)
  region size 1024K, 87 young (89088K), 3 survivors (3072K)
 Metaspace       used 15839K, committed 16192K, reserved 1114112K
  class space    used 1174K, committed 1344K, reserved 1048576K
GC Heap History (20 events):
Event: 53.913 GC heap before
{Heap before GC invocations=141 (full 0):
 garbage-first heap   total 200704K, used 135260K [0x0000000087000000, 0x0000000100000000)
  region size 1024K, 117 young (119808K), 1 survivors (1024K)
 Metaspace       used 14817K, committed 15040K, reserved 1114112K
  class space    used 1082K, committed 1152K, reserved 1048576K
}
Event: 53.916 GC heap after
{Heap after GC invocations=142 (full 0):
 garbage-first heap   total 200704K, used 16591K [0x0000000087000000, 0x0000000100000000)
  region size 1024K, 1 young (1024K), 1 survivors (1024K)
 Metaspace       used 14817K, committed 15040K, reserved 1114112K
  class space    used 1082K, committed 1152K, reserved 1048576K
}
Event: 54.079 GC heap before
{Heap before GC invocations=142 (full 0):
 garbage-first heap   total 200704K, used 135375K [0x0000000087000000, 0x0000000100000000)
  region size 1024K, 117 young (119808K), 1 survivors (1024K)
 Metaspace       used 14817K, committed 15040K, reserved 1114112K
  class space    used 1082K, committed 1152K, reserved 1048576K
}
Event: 54.080 GC heap after
{Heap after GC invocations=143 (full 0):
 garbage-first heap   total 200704K, used 16468K [0x0000000087000000, 0x0000000100000000)
  region size 1024K, 1 young (1024K), 1 survivors (1024K)
 Metaspace       used 14817K, committed 15040K, reserved 1114112K
  class space    used 1082K, committed 1152K, reserved 1048576K
}
Event: 54.241 GC heap before
{Heap before GC invocations=143 (full 0):
 garbage-first heap   total 200704K, used 135252K [0x0000000087000000, 0x0000000100000000)
  region size 1024K, 117 young (119808K), 1 survivors (1024K)
 Metaspace       used 14817K, committed 15040K, reserved 1114112K
  class space    used 1082K, committed 1152K, reserved 1048576K
}
Event: 54.243 GC heap after
{Heap after GC invocations=144 (full 0):
 garbage-first heap   total 200704K, used 16616K [0x0000000087000000, 0x0000000100000000)
  region size 1024K, 1 young (1024K), 1 survivors (1024K)
 Metaspace       used 14817K, committed 15040K, reserved 1114112K
  class space    used 1082K, committed 1152K, reserved 1048576K
}
Event: 54.712 GC heap before
{Heap before GC invocations=144 (full 0):
 garbage-first heap   total 200704K, used 135400K [0x0000000087000000, 0x0000000100000000)
  region size 1024K, 117 young (119808K), 1 survivors (1024K)
 Metaspace       used 14817K, committed 15040K, reserved 1114112K
  class space    used 1082K, committed 1152K, reserved 1048576K
}
Event: 54.714 GC heap after
{Heap after GC invocations=145 (full 0):
 garbage-first heap   total 200704K, used 17556K [0x0000000087000000, 0x0000000100000000)
  region size 1024K, 2 young (2048K), 2 survivors (2048K)
 Metaspace       used 14817K, committed 15040K, reserved 1114112K
  class space    used 1082K, committed 1152K, reserved 1048576K
}
Event: 55.282 GC heap before
{Heap before GC invocations=145 (full 0):
 garbage-first heap   total 200704K, used 135316K [0x0000000087000000, 0x0000000100000000)
  region size 1024K, 117 young (119808K), 2 survivors (2048K)
 Metaspace       used 14817K, committed 15040K, reserved 1114112K
  class space    used 1082K, committed 1152K, reserved 1048576K
}
Event: 55.285 GC heap after
{Heap after GC invocations=146 (full 0):
 garbage-first heap   total 200704K, used 18115K [0x0000000087000000, 0x0000000100000000)
  region size 1024K, 2 young (2048K), 2 survivors (2048K)
 Metaspace       used 14817K, committed 15040K, reserved 1114112K
  class space    used 1082K, committed 1152K, reserved 1048576K
}
Event: 55.797 GC heap before
{Heap before GC invocations=146 (full 0):
 garbage-first heap   total 200704K, used 135875K [0x0000000087000000, 0x0000000100000000)
  region size 1024K, 117 young (119808K), 2 survivors (2048K)
 Metaspace       used 14817K, committed 15040K, reserved 1114112K
  class space    used 1082K, committed 1152K, reserved 1048576K
}
Event: 55.800 GC heap after
{Heap after GC invocations=147 (full 0):
 garbage-first heap   total 200704K, used 17610K [0x0000000087000000, 0x0000000100000000)
  region size 1024K, 2 young (2048K), 2 survivors (2048K)
 Metaspace       used 14817K, committed 15040K, reserved 1114112K
  class space    used 1082K, committed 1152K, reserved 1048576K
}
Event: 56.269 GC heap before
{Heap before GC invocations=147 (full 0):
 garbage-first heap   total 200704K, used 135370K [0x0000000087000000, 0x0000000100000000)
  region size 1024K, 117 young (119808K), 2 survivors (2048K)
 Metaspace       used 14817K, committed 15040K, reserved 1114112K
  class space    used 1082K, committed 1152K, reserved 1048576K
}
Event: 56.273 GC heap after
{Heap after GC invocations=148 (full 0):
 garbage-first heap   total 200704K, used 18778K [0x0000000087000000, 0x0000000100000000)
  region size 1024K, 3 young (3072K), 3 survivors (3072K)
 Metaspace       used 14817K, committed 15040K, reserved 1114112K
  class space    used 1082K, committed 1152K, reserved 1048576K
}
Event: 56.751 GC heap before
{Heap before GC invocations=148 (full 0):
 garbage-first heap   total 200704K, used 135514K [0x0000000087000000, 0x0000000100000000)
  region size 1024K, 117 young (119808K), 3 survivors (3072K)
 Metaspace       used 14817K, committed 15040K, reserved 1114112K
  class space    used 1082K, committed 1152K, reserved 1048576K
}
Event: 56.754 GC heap after
{Heap after GC invocations=149 (full 0):
 garbage-first heap   total 200704K, used 18169K [0x0000000087000000, 0x0000000100000000)
  region size 1024K, 2 young (2048K), 2 survivors (2048K)
 Metaspace       used 14817K, committed 15040K, reserved 1114112K
  class space    used 1082K, committed 1152K, reserved 1048576K
}
Event: 57.250 GC heap before
{Heap before GC invocations=149 (full 0):
 garbage-first heap   total 200704K, used 135929K [0x0000000087000000, 0x0000000100000000)
  region size 1024K, 117 young (119808K), 2 survivors (2048K)
 Metaspace       used 14817K, committed 15040K, reserved 1114112K
  class space    used 1082K, committed 1152K, reserved 1048576K
}
Event: 57.251 GC heap after
{Heap after GC invocations=150 (full 0):
 garbage-first heap   total 200704K, used 17360K [0x0000000087000000, 0x0000000100000000)
  region size 1024K, 2 young (2048K), 2 survivors (2048K)
 Metaspace       used 14817K, committed 15040K, reserved 1114112K
  class space    used 1082K, committed 1152K, reserved 1048576K
}
Event: 58.821 GC heap before
{Heap before GC invocations=150 (full 0):
 garbage-first heap   total 200704K, used 97232K [0x0000000087000000, 0x0000000100000000)
  region size 1024K, 41 young (41984K), 2 survivors (2048K)
 Metaspace       used 15301K, committed 15616K, reserved 1114112K
  class space    used 1127K, committed 1280K, reserved 1048576K
}
Event: 58.831 GC heap after
{Heap after GC invocations=151 (full 0):
 garbage-first heap   total 200704K, used 60138K [0x0000000087000000, 0x0000000100000000)
  region size 1024K, 3 young (3072K), 3 survivors (3072K)
 Metaspace       used 15301K, committed 15616K, reserved 1114112K
  class space    used 1127K, committed 1280K, reserved 1048576K
}

