# JRE version: OpenJDK Runtime Environment Temurin-21.0.2+13 (21.0.2+13) (build 21.0.2+13-LTS)
# Java VM: OpenJDK 64-Bit Server VM Temurin-21.0.2+13 (21.0.2+13-LTS, mixed mode, sharing, tiered, compressed oops, compressed class ptrs, g1 gc, windows-amd64)
GC Precious Log:
 CardTable entry size: 512
 Card Set container configuration: InlinePtr #cards 5 size 8 Array Of Cards #cards 12 size 40 Howl #buckets 4 coarsen threshold 1843 Howl Bitmap #cards 512 size 80 coarsen threshold 460 Card regions per heap region 1 cards per card region 2048
 CPUs: 8 total, 8 available
 Memory: 7739M
 Large Page Support: Disabled
 NUMA Support: Disabled
 Compressed Oops: Enabled (32-bit)
 Heap Region Size: 1M
 Heap Min Capacity: 8M
 Heap Initial Capacity: 122M
 Heap Max Capacity: 1936M
 Pre-touch: Disabled
 Parallel Workers: 8
 Concurrent Workers: 2
 Concurrent Refinement Workers: 8
 Periodic GC: Disabled
Heap:
 garbage-first heap   total 221184K, used 122479K [0x0000000087000000, 0x0000000100000000)
  region size 1024K, 65 young (66560K), 2 survivors (2048K)
 Metaspace       used 15991K, committed 16320K, reserved 1114112K
  class space    used 1177K, committed 1344K, reserved 1048576K
GC Heap History (20 events):
Event: 157.438 GC heap before
{Heap before GC invocations=242 (full 0):
 garbage-first heap   total 221184K, used 189583K [0x0000000087000000, 0x0000000100000000)
  region size 1024K, 129 young (132096K), 1 survivors (1024K)
 Metaspace       used 15942K, committed 16256K, reserved 1114112K
  class space    used 1172K, committed 1344K, reserved 1048576K
}
Event: 157.441 GC heap after
{Heap after GC invocations=243 (full 0):
 garbage-first heap   total 221184K, used 58620K [0x0000000087000000, 0x0000000100000000)
  region size 1024K, 1 young (1024K), 1 survivors (1024K)
 Metaspace       used 15942K, committed 16256K, reserved 1114112K
  class space    used 1172K, committed 1344K, reserved 1048576K
}
Event: 157.993 GC heap before
{Heap before GC invocations=243 (full 0):
 garbage-first heap   total 221184K, used 189692K [0x0000000087000000, 0x0000000100000000)
  region size 1024K, 129 young (132096K), 1 survivors (1024K)
 Metaspace       used 15942K, committed 16256K, reserved 1114112K
  class space    used 1172K, committed 1344K, reserved 1048576K
}
Event: 157.994 GC heap after
{Heap after GC invocations=244 (full 0):
 garbage-first heap   total 221184K, used 58803K [0x0000000087000000, 0x0000000100000000)
  region size 1024K, 1 young (1024K), 1 survivors (1024K)
 Metaspace       used 15942K, committed 16256K, reserved 1114112K
  class space    used 1172K, committed 1344K, reserved 1048576K
}
Event: 158.668 GC heap before
{Heap before GC invocations=244 (full 0):
 garbage-first heap   total 221184K, used 189875K [0x0000000087000000, 0x0000000100000000)
  region size 1024K, 129 young (132096K), 1 survivors (1024K)
 Metaspace       used 15942K, committed 16256K, reserved 1114112K
  class space    used 1172K, committed 1344K, reserved 1048576K
}
Event: 158.670 GC heap after
{Heap after GC invocations=245 (full 0):
 garbage-first heap   total 221184K, used 58977K [0x0000000087000000, 0x0000000100000000)
  region size 1024K, 2 young (2048K), 2 survivors (2048K)
 Metaspace       used 15942K, committed 16256K, reserved 1114112K
  class space    used 1172K, committed 1344K, reserved 1048576K
}
Event: 159.260 GC heap before
{Heap before GC invocations=245 (full 0):
 garbage-first heap   total 221184K, used 189025K [0x0000000087000000, 0x0000000100000000)
  region size 1024K, 129 young (132096K), 2 survivors (2048K)
 Metaspace       used 15942K, committed 16256K, reserved 1114112K
  class space    used 1172K, committed 1344K, reserved 1048576K
}
Event: 159.262 GC heap after
{Heap after GC invocations=246 (full 0):
 garbage-first heap   total 221184K, used 58666K [0x0000000087000000, 0x0000000100000000)
  region size 1024K, 1 young (1024K), 1 survivors (1024K)
 Metaspace       used 15942K, committed 16256K, reserved 1114112K
  class space    used 1172K, committed 1344K, reserved 1048576K
}
Event: 159.833 GC heap before
{Heap before GC invocations=246 (full 0):
 garbage-first heap   total 221184K, used 189738K [0x0000000087000000, 0x0000000100000000)
  region size 1024K, 129 young (132096K), 1 survivors (1024K)
 Metaspace       used 15942K, committed 16256K, reserved 1114112K
  class space    used 1172K, committed 1344K, reserved 1048576K
}
Event: 159.835 GC heap after
{Heap after GC invocations=247 (full 0):
 garbage-first heap   total 221184K, used 58693K [0x0000000087000000, 0x0000000100000000)
  region size 1024K, 1 young (1024K), 1 survivors (1024K)
 Metaspace       used 15942K, committed 16256K, reserved 1114112K
  class space    used 1172K, committed 1344K, reserved 1048576K
}
Event: 160.416 GC heap before
{Heap before GC invocations=247 (full 0):
 garbage-first heap   total 221184K, used 189765K [0x0000000087000000, 0x0000000100000000)
  region size 1024K, 129 young (132096K), 1 survivors (1024K)
 Metaspace       used 15942K, committed 16256K, reserved 1114112K
  class space    used 1172K, committed 1344K, reserved 1048576K
}
Event: 160.418 GC heap after
{Heap after GC invocations=248 (full 0):
 garbage-first heap   total 221184K, used 58749K [0x0000000087000000, 0x0000000100000000)
  region size 1024K, 1 young (1024K), 1 survivors (1024K)
 Metaspace       used 15942K, committed 16256K, reserved 1114112K
  class space    used 1172K, committed 1344K, reserved 1048576K
}
Event: 161.003 GC heap before
{Heap before GC invocations=248 (full 0):
 garbage-first heap   total 221184K, used 189821K [0x0000000087000000, 0x0000000100000000)
  region size 1024K, 129 young (132096K), 1 survivors (1024K)
 Metaspace       used 15942K, committed 16256K, reserved 1114112K
  class space    used 1172K, committed 1344K, reserved 1048576K
}
Event: 161.005 GC heap after
{Heap after GC invocations=249 (full 0):
 garbage-first heap   total 221184K, used 59101K [0x0000000087000000, 0x0000000100000000)
  region size 1024K, 2 young (2048K), 2 survivors (2048K)
 Metaspace       used 15942K, committed 16256K, reserved 1114112K
  class space    used 1172K, committed 1344K, reserved 1048576K
}
Event: 161.763 GC heap before
{Heap before GC invocations=249 (full 0):
 garbage-first heap   total 221184K, used 189149K [0x0000000087000000, 0x0000000100000000)
  region size 1024K, 129 young (132096K), 2 survivors (2048K)
 Metaspace       used 15942K, committed 16256K, reserved 1114112K
  class space    used 1172K, committed 1344K, reserved 1048576K
}
Event: 161.765 GC heap after
{Heap after GC invocations=250 (full 0):
 garbage-first heap   total 221184K, used 58659K [0x0000000087000000, 0x0000000100000000)
  region size 1024K, 1 young (1024K), 1 survivors (1024K)
 Metaspace       used 15942K, committed 16256K, reserved 1114112K
  class space    used 1172K, committed 1344K, reserved 1048576K
}
Event: 162.519 GC heap before
{Heap before GC invocations=250 (full 0):
 garbage-first heap   total 221184K, used 189731K [0x0000000087000000, 0x0000000100000000)
  region size 1024K, 129 young (132096K), 1 survivors (1024K)
 Metaspace       used 15942K, committed 16256K, reserved 1114112K
  class space    used 1172K, committed 1344K, reserved 1048576K
}
Event: 162.522 GC heap after
{Heap after GC invocations=251 (full 0):
 garbage-first heap   total 221184K, used 58747K [0x0000000087000000, 0x0000000100000000)
  region size 1024K, 1 young (1024K), 1 survivors (1024K)
 Metaspace       used 15942K, committed 16256K, reserved 1114112K
  class space    used 1172K, committed 1344K, reserved 1048576K
}
Event: 163.253 GC heap before
{Heap before GC invocations=251 (full 0):
 garbage-first heap   total 221184K, used 189819K [0x0000000087000000, 0x0000000100000000)
  region size 1024K, 129 young (132096K), 1 survivors (1024K)
 Metaspace       used 15942K, committed 16256K, reserved 1114112K
  class space    used 1172K, committed 1344K, reserved 1048576K
}
Event: 163.255 GC heap after
{Heap after GC invocations=252 (full 0):
 garbage-first heap   total 221184K, used 58991K [0x0000000087000000, 0x0000000100000000)
  region size 1024K, 2 young (2048K), 2 survivors (2048K)
 Metaspace       used 15942K, committed 16256K, reserved 1114112K
  class space    used 1172K, committed 1344K, reserved 1048576K
}

