# JRE version: OpenJDK Runtime Environment Temurin-21.0.2+13 (21.0.2+13) (build 21.0.2+13-LTS)
# Java VM: OpenJDK 64-Bit Server VM Temurin-21.0.2+13 (21.0.2+13-LTS, mixed mode, sharing, tiered, compressed oops, compressed class ptrs, g1 gc, windows-amd64)
GC Precious Log:
 CardTable entry size: 512
 Card Set container configuration: InlinePtr #cards 5 size 8 Array Of Cards #cards 12 size 40 Howl #buckets 4 coarsen threshold 1843 Howl Bitmap #cards 512 size 80 coarsen threshold 460 Card regions per heap region 1 cards per card region 2048
 CPUs: 8 total, 8 available
 Memory: 7739M
 Large Page Support: Disabled
 NUMA Support: Disabled
 Compressed Oops: Enabled (32-bit)
 Heap Region Size: 1M
 Heap Min Capacity: 8M
 Heap Initial Capacity: 122M
 Heap Max Capacity: 1936M
 Pre-touch: Disabled
 Parallel Workers: 8
 Concurrent Workers: 2
 Concurrent Refinement Workers: 8
 Periodic GC: Disabled
Heap:
 garbage-first heap   total 169984K, used 102927K [0x0000000087000000, 0x0000000100000000)
  region size 1024K, 47 young (48128K), 1 survivors (1024K)
 Metaspace       used 16207K, committed 16512K, reserved 1114112K
  class space    used 1174K, committed 1344K, reserved 1048576K
GC Heap History (20 events):
Event: 195.690 GC heap before
{Heap before GC invocations=90 (full 0):
 garbage-first heap   total 169984K, used 157235K [0x0000000087000000, 0x0000000100000000)
  region size 1024K, 99 young (101376K), 1 survivors (1024K)
 Metaspace       used 16161K, committed 16512K, reserved 1114112K
  class space    used 1169K, committed 1344K, reserved 1048576K
}
Event: 195.692 GC heap after
{Heap after GC invocations=91 (full 0):
 garbage-first heap   total 169984K, used 56892K [0x0000000087000000, 0x0000000100000000)
  region size 1024K, 1 young (1024K), 1 survivors (1024K)
 Metaspace       used 16161K, committed 16512K, reserved 1114112K
  class space    used 1169K, committed 1344K, reserved 1048576K
}
Event: 197.532 GC heap before
{Heap before GC invocations=91 (full 0):
 garbage-first heap   total 169984K, used 157244K [0x0000000087000000, 0x0000000100000000)
  region size 1024K, 99 young (101376K), 1 survivors (1024K)
 Metaspace       used 16161K, committed 16512K, reserved 1114112K
  class space    used 1169K, committed 1344K, reserved 1048576K
}
Event: 197.535 GC heap after
{Heap after GC invocations=92 (full 0):
 garbage-first heap   total 169984K, used 56905K [0x0000000087000000, 0x0000000100000000)
  region size 1024K, 1 young (1024K), 1 survivors (1024K)
 Metaspace       used 16161K, committed 16512K, reserved 1114112K
  class space    used 1169K, committed 1344K, reserved 1048576K
}
Event: 199.628 GC heap before
{Heap before GC invocations=92 (full 0):
 garbage-first heap   total 169984K, used 157257K [0x0000000087000000, 0x0000000100000000)
  region size 1024K, 99 young (101376K), 1 survivors (1024K)
 Metaspace       used 16161K, committed 16512K, reserved 1114112K
  class space    used 1169K, committed 1344K, reserved 1048576K
}
Event: 199.632 GC heap after
{Heap after GC invocations=93 (full 0):
 garbage-first heap   total 169984K, used 56901K [0x0000000087000000, 0x0000000100000000)
  region size 1024K, 1 young (1024K), 1 survivors (1024K)
 Metaspace       used 16161K, committed 16512K, reserved 1114112K
  class space    used 1169K, committed 1344K, reserved 1048576K
}
Event: 201.344 GC heap before
{Heap before GC invocations=93 (full 0):
 garbage-first heap   total 169984K, used 157253K [0x0000000087000000, 0x0000000100000000)
  region size 1024K, 99 young (101376K), 1 survivors (1024K)
 Metaspace       used 16161K, committed 16512K, reserved 1114112K
  class space    used 1169K, committed 1344K, reserved 1048576K
}
Event: 201.348 GC heap after
{Heap after GC invocations=94 (full 0):
 garbage-first heap   total 169984K, used 56897K [0x0000000087000000, 0x0000000100000000)
  region size 1024K, 1 young (1024K), 1 survivors (1024K)
 Metaspace       used 16161K, committed 16512K, reserved 1114112K
  class space    used 1169K, committed 1344K, reserved 1048576K
}
Event: 203.288 GC heap before
{Heap before GC invocations=94 (full 0):
 garbage-first heap   total 169984K, used 157249K [0x0000000087000000, 0x0000000100000000)
  region size 1024K, 99 young (101376K), 1 survivors (1024K)
 Metaspace       used 16161K, committed 16512K, reserved 1114112K
  class space    used 1169K, committed 1344K, reserved 1048576K
}
Event: 203.291 GC heap after
{Heap after GC invocations=95 (full 0):
 garbage-first heap   total 169984K, used 56893K [0x0000000087000000, 0x0000000100000000)
  region size 1024K, 1 young (1024K), 1 survivors (1024K)
 Metaspace       used 16161K, committed 16512K, reserved 1114112K
  class space    used 1169K, committed 1344K, reserved 1048576K
}
Event: 205.240 GC heap before
{Heap before GC invocations=95 (full 0):
 garbage-first heap   total 169984K, used 157245K [0x0000000087000000, 0x0000000100000000)
  region size 1024K, 99 young (101376K), 1 survivors (1024K)
 Metaspace       used 16161K, committed 16512K, reserved 1114112K
  class space    used 1169K, committed 1344K, reserved 1048576K
}
Event: 205.244 GC heap after
{Heap after GC invocations=96 (full 0):
 garbage-first heap   total 169984K, used 56919K [0x0000000087000000, 0x0000000100000000)
  region size 1024K, 1 young (1024K), 1 survivors (1024K)
 Metaspace       used 16161K, committed 16512K, reserved 1114112K
  class space    used 1169K, committed 1344K, reserved 1048576K
}
Event: 207.587 GC heap before
{Heap before GC invocations=96 (full 0):
 garbage-first heap   total 169984K, used 157271K [0x0000000087000000, 0x0000000100000000)
  region size 1024K, 99 young (101376K), 1 survivors (1024K)
 Metaspace       used 16161K, committed 16512K, reserved 1114112K
  class space    used 1169K, committed 1344K, reserved 1048576K
}
Event: 207.591 GC heap after
{Heap after GC invocations=97 (full 0):
 garbage-first heap   total 169984K, used 56841K [0x0000000087000000, 0x0000000100000000)
  region size 1024K, 1 young (1024K), 1 survivors (1024K)
 Metaspace       used 16161K, committed 16512K, reserved 1114112K
  class space    used 1169K, committed 1344K, reserved 1048576K
}
Event: 210.595 GC heap before
{Heap before GC invocations=97 (full 0):
 garbage-first heap   total 169984K, used 157193K [0x0000000087000000, 0x0000000100000000)
  region size 1024K, 99 young (101376K), 1 survivors (1024K)
 Metaspace       used 16161K, committed 16512K, reserved 1114112K
  class space    used 1169K, committed 1344K, reserved 1048576K
}
Event: 210.599 GC heap after
{Heap after GC invocations=98 (full 0):
 garbage-first heap   total 169984K, used 56853K [0x0000000087000000, 0x0000000100000000)
  region size 1024K, 1 young (1024K), 1 survivors (1024K)
 Metaspace       used 16161K, committed 16512K, reserved 1114112K
  class space    used 1169K, committed 1344K, reserved 1048576K
}
Event: 212.774 GC heap before
{Heap before GC invocations=98 (full 0):
 garbage-first heap   total 169984K, used 157205K [0x0000000087000000, 0x0000000100000000)
  region size 1024K, 99 young (101376K), 1 survivors (1024K)
 Metaspace       used 16161K, committed 16512K, reserved 1114112K
  class space    used 1169K, committed 1344K, reserved 1048576K
}
Event: 212.778 GC heap after
{Heap after GC invocations=99 (full 0):
 garbage-first heap   total 169984K, used 56862K [0x0000000087000000, 0x0000000100000000)
  region size 1024K, 1 young (1024K), 1 survivors (1024K)
 Metaspace       used 16161K, committed 16512K, reserved 1114112K
  class space    used 1169K, committed 1344K, reserved 1048576K
}
Event: 215.198 GC heap before
{Heap before GC invocations=99 (full 0):
 garbage-first heap   total 169984K, used 157214K [0x0000000087000000, 0x0000000100000000)
  region size 1024K, 99 young (101376K), 1 survivors (1024K)
 Metaspace       used 16161K, committed 16512K, reserved 1114112K
  class space    used 1169K, committed 1344K, reserved 1048576K
}
Event: 215.201 GC heap after
{Heap after GC invocations=100 (full 0):
 garbage-first heap   total 169984K, used 56847K [0x0000000087000000, 0x0000000100000000)
  region size 1024K, 1 young (1024K), 1 survivors (1024K)
 Metaspace       used 16161K, committed 16512K, reserved 1114112K
  class space    used 1169K, committed 1344K, reserved 1048576K
}

