# JRE version: OpenJDK Runtime Environment Temurin-21.0.2+13 (21.0.2+13) (build 21.0.2+13-LTS)
# Java VM: OpenJDK 64-Bit Server VM Temurin-21.0.2+13 (21.0.2+13-LTS, mixed mode, sharing, tiered, compressed oops, compressed class ptrs, g1 gc, windows-amd64)
GC Precious Log:
 CardTable entry size: 512
 Card Set container configuration: InlinePtr #cards 5 size 8 Array Of Cards #cards 12 size 40 Howl #buckets 4 coarsen threshold 1843 Howl Bitmap #cards 512 size 80 coarsen threshold 460 Card regions per heap region 1 cards per card region 2048
 CPUs: 8 total, 8 available
 Memory: 7739M
 Large Page Support: Disabled
 NUMA Support: Disabled
 Compressed Oops: Enabled (32-bit)
 Heap Region Size: 1M
 Heap Min Capacity: 8M
 Heap Initial Capacity: 122M
 Heap Max Capacity: 1936M
 Pre-touch: Disabled
 Parallel Workers: 8
 Concurrent Workers: 2
 Concurrent Refinement Workers: 8
 Periodic GC: Disabled
Heap:
 garbage-first heap   total 264192K, used 195685K [0x0000000087000000, 0x0000000100000000)
  region size 1024K, 136 young (139264K), 3 survivors (3072K)
 Metaspace       used 16010K, committed 16320K, reserved 1114112K
  class space    used 1176K, committed 1344K, reserved 1048576K
GC Heap History (20 events):
Event: 247.213 GC heap before
{Heap before GC invocations=614 (full 0):
 garbage-first heap   total 264192K, used 215324K [0x0000000087000000, 0x0000000100000000)
  region size 1024K, 154 young (157696K), 1 survivors (1024K)
 Metaspace       used 15955K, committed 16320K, reserved 1114112K
  class space    used 1170K, committed 1344K, reserved 1048576K
}
Event: 247.215 GC heap after
{Heap after GC invocations=615 (full 0):
 garbage-first heap   total 264192K, used 58524K [0x0000000087000000, 0x0000000100000000)
  region size 1024K, 1 young (1024K), 1 survivors (1024K)
 Metaspace       used 15955K, committed 16320K, reserved 1114112K
  class space    used 1170K, committed 1344K, reserved 1048576K
}
Event: 247.412 GC heap before
{Heap before GC invocations=615 (full 0):
 garbage-first heap   total 264192K, used 215196K [0x0000000087000000, 0x0000000100000000)
  region size 1024K, 154 young (157696K), 1 survivors (1024K)
 Metaspace       used 15955K, committed 16320K, reserved 1114112K
  class space    used 1170K, committed 1344K, reserved 1048576K
}
Event: 247.414 GC heap after
{Heap after GC invocations=616 (full 0):
 garbage-first heap   total 264192K, used 58499K [0x0000000087000000, 0x0000000100000000)
  region size 1024K, 1 young (1024K), 1 survivors (1024K)
 Metaspace       used 15955K, committed 16320K, reserved 1114112K
  class space    used 1170K, committed 1344K, reserved 1048576K
}
Event: 247.636 GC heap before
{Heap before GC invocations=616 (full 0):
 garbage-first heap   total 264192K, used 215171K [0x0000000087000000, 0x0000000100000000)
  region size 1024K, 154 young (157696K), 1 survivors (1024K)
 Metaspace       used 15955K, committed 16320K, reserved 1114112K
  class space    used 1170K, committed 1344K, reserved 1048576K
}
Event: 247.637 GC heap after
{Heap after GC invocations=617 (full 0):
 garbage-first heap   total 264192K, used 58495K [0x0000000087000000, 0x0000000100000000)
  region size 1024K, 1 young (1024K), 1 survivors (1024K)
 Metaspace       used 15955K, committed 16320K, reserved 1114112K
  class space    used 1170K, committed 1344K, reserved 1048576K
}
Event: 248.251 GC heap before
{Heap before GC invocations=617 (full 0):
 garbage-first heap   total 264192K, used 215167K [0x0000000087000000, 0x0000000100000000)
  region size 1024K, 154 young (157696K), 1 survivors (1024K)
 Metaspace       used 15955K, committed 16320K, reserved 1114112K
  class space    used 1170K, committed 1344K, reserved 1048576K
}
Event: 248.254 GC heap after
{Heap after GC invocations=618 (full 0):
 garbage-first heap   total 264192K, used 59726K [0x0000000087000000, 0x0000000100000000)
  region size 1024K, 2 young (2048K), 2 survivors (2048K)
 Metaspace       used 15955K, committed 16320K, reserved 1114112K
  class space    used 1170K, committed 1344K, reserved 1048576K
}
Event: 248.998 GC heap before
{Heap before GC invocations=618 (full 0):
 garbage-first heap   total 264192K, used 215374K [0x0000000087000000, 0x0000000100000000)
  region size 1024K, 154 young (157696K), 2 survivors (2048K)
 Metaspace       used 15955K, committed 16320K, reserved 1114112K
  class space    used 1170K, committed 1344K, reserved 1048576K
}
Event: 249.001 GC heap after
{Heap after GC invocations=619 (full 0):
 garbage-first heap   total 264192K, used 60368K [0x0000000087000000, 0x0000000100000000)
  region size 1024K, 2 young (2048K), 2 survivors (2048K)
 Metaspace       used 15955K, committed 16320K, reserved 1114112K
  class space    used 1170K, committed 1344K, reserved 1048576K
}
Event: 249.183 GC heap before
{Heap before GC invocations=619 (full 0):
 garbage-first heap   total 264192K, used 216016K [0x0000000087000000, 0x0000000100000000)
  region size 1024K, 154 young (157696K), 2 survivors (2048K)
 Metaspace       used 15956K, committed 16320K, reserved 1114112K
  class space    used 1170K, committed 1344K, reserved 1048576K
}
Event: 249.184 GC heap after
{Heap after GC invocations=620 (full 0):
 garbage-first heap   total 264192K, used 58686K [0x0000000087000000, 0x0000000100000000)
  region size 1024K, 1 young (1024K), 1 survivors (1024K)
 Metaspace       used 15956K, committed 16320K, reserved 1114112K
  class space    used 1170K, committed 1344K, reserved 1048576K
}
Event: 249.323 GC heap before
{Heap before GC invocations=620 (full 0):
 garbage-first heap   total 264192K, used 215358K [0x0000000087000000, 0x0000000100000000)
  region size 1024K, 154 young (157696K), 1 survivors (1024K)
 Metaspace       used 15956K, committed 16320K, reserved 1114112K
  class space    used 1170K, committed 1344K, reserved 1048576K
}
Event: 249.324 GC heap after
{Heap after GC invocations=621 (full 0):
 garbage-first heap   total 264192K, used 58506K [0x0000000087000000, 0x0000000100000000)
  region size 1024K, 1 young (1024K), 1 survivors (1024K)
 Metaspace       used 15956K, committed 16320K, reserved 1114112K
  class space    used 1170K, committed 1344K, reserved 1048576K
}
Event: 249.476 GC heap before
{Heap before GC invocations=621 (full 0):
 garbage-first heap   total 264192K, used 215178K [0x0000000087000000, 0x0000000100000000)
  region size 1024K, 154 young (157696K), 1 survivors (1024K)
 Metaspace       used 15956K, committed 16320K, reserved 1114112K
  class space    used 1170K, committed 1344K, reserved 1048576K
}
Event: 249.478 GC heap after
{Heap after GC invocations=622 (full 0):
 garbage-first heap   total 264192K, used 58478K [0x0000000087000000, 0x0000000100000000)
  region size 1024K, 1 young (1024K), 1 survivors (1024K)
 Metaspace       used 15956K, committed 16320K, reserved 1114112K
  class space    used 1170K, committed 1344K, reserved 1048576K
}
Event: 249.650 GC heap before
{Heap before GC invocations=622 (full 0):
 garbage-first heap   total 264192K, used 215150K [0x0000000087000000, 0x0000000100000000)
  region size 1024K, 154 young (157696K), 1 survivors (1024K)
 Metaspace       used 15956K, committed 16320K, reserved 1114112K
  class space    used 1170K, committed 1344K, reserved 1048576K
}
Event: 249.652 GC heap after
{Heap after GC invocations=623 (full 0):
 garbage-first heap   total 264192K, used 58473K [0x0000000087000000, 0x0000000100000000)
  region size 1024K, 1 young (1024K), 1 survivors (1024K)
 Metaspace       used 15956K, committed 16320K, reserved 1114112K
  class space    used 1170K, committed 1344K, reserved 1048576K
}
Event: 250.386 GC heap before
{Heap before GC invocations=623 (full 0):
 garbage-first heap   total 264192K, used 215145K [0x0000000087000000, 0x0000000100000000)
  region size 1024K, 154 young (157696K), 1 survivors (1024K)
 Metaspace       used 15956K, committed 16320K, reserved 1114112K
  class space    used 1170K, committed 1344K, reserved 1048576K
}
Event: 250.389 GC heap after
{Heap after GC invocations=624 (full 0):
 garbage-first heap   total 264192K, used 60517K [0x0000000087000000, 0x0000000100000000)
  region size 1024K, 3 young (3072K), 3 survivors (3072K)
 Metaspace       used 15956K, committed 16320K, reserved 1114112K
  class space    used 1170K, committed 1344K, reserved 1048576K
}

